<?xml version="1.0" encoding="UTF-8"?>
<!-- Generated by org.testng.reporters.JUnitReportReporter -->
<testsuite hostname="DESKTOP-AI374LA" failures="0" tests="1" name="PS1" time="0.011" errors="0" timestamp="2024-07-10T20:42:32 EEST" skipped="0">
  <testcase classname="PS1" name="second" time="0.011"/>
  <system-out/>
</testsuite> <!-- PS1 -->
